-encoding
UTF-8
-outxml
-source
1.6
-target
1.6
-classpath
G:\Works\app\.m2-repository\antlr\antlr\2.7.7\antlr-2.7.7.jar;G:\Works\app\.m2-repository\aopalliance\aopalliance\1.0\aopalliance-1.0.jar;G:\Works\app\.m2-repository\cglib\cglib-nodep\2.2.2\cglib-nodep-2.2.2.jar;G:\Works\app\.m2-repository\com\google\collections\google-collections\1.0-rc1\google-collections-1.0-rc1.jar;G:\Works\app\.m2-repository\commons-beanutils\commons-beanutils\1.8.3\commons-beanutils-1.8.3.jar;G:\Works\app\.m2-repository\commons-codec\commons-codec\1.5\commons-codec-1.5.jar;G:\Works\app\.m2-repository\commons-collections\commons-collections\3.2.1\commons-collections-3.2.1.jar;G:\Works\app\.m2-repository\commons-dbcp\commons-dbcp\1.3\commons-dbcp-1.3.jar;G:\Works\app\.m2-repository\commons-digester\commons-digester\2.1\commons-digester-2.1.jar;G:\Works\app\.m2-repository\commons-fileupload\commons-fileupload\1.2.2\commons-fileupload-1.2.2.jar;G:\Works\app\.m2-repository\commons-io\commons-io\1.4\commons-io-1.4.jar;G:\Works\app\.m2-repository\commons-pool\commons-pool\1.5.6\commons-pool-1.5.6.jar;G:\Works\app\.m2-repository\dom4j\dom4j\1.6.1\dom4j-1.6.1.jar;G:\Works\app\.m2-repository\javax\el\el-api\2.2\el-api-2.2.jar;G:\Works\app\.m2-repository\javax\servlet\servlet-api\2.5\servlet-api-2.5.jar;G:\Works\app\.m2-repository\javax\servlet\jsp\jsp-api\2.1\jsp-api-2.1.jar;G:\Works\app\.m2-repository\javax\servlet\jsp\jstl\jstl-api\1.2\jstl-api-1.2.jar;G:\Works\app\.m2-repository\javax\transaction\jta\1.1\jta-1.1.jar;G:\Works\app\.m2-repository\javax\validation\validation-api\1.0.0.GA\validation-api-1.0.0.GA.jar;G:\Works\app\.m2-repository\joda-time\joda-time\1.6\joda-time-1.6.jar;G:\Works\app\.m2-repository\junit\junit\4.10\junit-4.10.jar;G:\Works\app\.m2-repository\log4j\log4j\1.2.16\log4j-1.2.16.jar;G:\Works\app\.m2-repository\net\sf\flexjson\flexjson\2.1\flexjson-2.1.jar;G:\Works\app\.m2-repository\org\apache\commons\commons-lang3\3.1\commons-lang3-3.1.jar;G:\Works\app\.m2-repository\org\apache\tiles\tiles-api\2.2.2\tiles-api-2.2.2.jar;G:\Works\app\.m2-repository\org\apache\tiles\tiles-core\2.2.2\tiles-core-2.2.2.jar;G:\Works\app\.m2-repository\org\apache\tiles\tiles-jsp\2.2.2\tiles-jsp-2.2.2.jar;G:\Works\app\.m2-repository\org\apache\tiles\tiles-servlet\2.2.2\tiles-servlet-2.2.2.jar;G:\Works\app\.m2-repository\org\apache\tiles\tiles-template\2.2.2\tiles-template-2.2.2.jar;G:\Works\app\.m2-repository\org\aspectj\aspectjrt\1.7.0\aspectjrt-1.7.0.jar;G:\Works\app\.m2-repository\org\aspectj\aspectjweaver\1.7.0\aspectjweaver-1.7.0.jar;G:\Works\app\.m2-repository\org\codehaus\jackson\jackson-core-asl\1.7.1\jackson-core-asl-1.7.1.jar;G:\Works\app\.m2-repository\org\codehaus\jackson\jackson-mapper-asl\1.7.1\jackson-mapper-asl-1.7.1.jar;G:\Works\app\.m2-repository\org\glassfish\web\jstl-impl\1.2\jstl-impl-1.2.jar;G:\Works\app\.m2-repository\org\hibernate\hibernate-core\4.1.8.Final\hibernate-core-4.1.8.Final.jar;G:\Works\app\.m2-repository\org\hibernate\hibernate-entitymanager\4.1.8.Final\hibernate-entitymanager-4.1.8.Final.jar;G:\Works\app\.m2-repository\org\hibernate\hibernate-validator\4.3.1.Final\hibernate-validator-4.3.1.Final.jar;G:\Works\app\.m2-repository\org\hibernate\common\hibernate-commons-annotations\4.0.1.Final\hibernate-commons-annotations-4.0.1.Final.jar;G:\Works\app\.m2-repository\org\hibernate\javax\persistence\hibernate-jpa-2.0-api\1.0.1.Final\hibernate-jpa-2.0-api-1.0.1.Final.jar;G:\Works\app\.m2-repository\org\javassist\javassist\3.15.0-GA\javassist-3.15.0-GA.jar;G:\Works\app\.m2-repository\org\jboss\logging\jboss-logging\3.1.0.GA\jboss-logging-3.1.0.GA.jar;G:\Works\app\.m2-repository\org\jboss\spec\javax\transaction\jboss-transaction-api_1.1_spec\1.0.0.Final\jboss-transaction-api_1.1_spec-1.0.0.Final.jar;G:\Works\app\.m2-repository\org\slf4j\jcl-over-slf4j\1.7.2\jcl-over-slf4j-1.7.2.jar;G:\Works\app\.m2-repository\org\slf4j\slf4j-api\1.7.2\slf4j-api-1.7.2.jar;G:\Works\app\.m2-repository\org\slf4j\slf4j-log4j12\1.7.2\slf4j-log4j12-1.7.2.jar;G:\Works\app\.m2-repository\org\springframework\spring-aop\3.2.0.RELEASE\spring-aop-3.2.0.RELEASE.jar;G:\Works\app\.m2-repository\org\springframework\spring-aspects\3.2.0.RELEASE\spring-aspects-3.2.0.RELEASE.jar;G:\Works\app\.m2-repository\org\springframework\spring-beans\3.2.0.RELEASE\spring-beans-3.2.0.RELEASE.jar;G:\Works\app\.m2-repository\org\springframework\spring-context\3.2.0.RELEASE\spring-context-3.2.0.RELEASE.jar;G:\Works\app\.m2-repository\org\springframework\spring-context-support\3.2.0.RELEASE\spring-context-support-3.2.0.RELEASE.jar;G:\Works\app\.m2-repository\org\springframework\spring-core\3.2.0.RELEASE\spring-core-3.2.0.RELEASE.jar;G:\Works\app\.m2-repository\org\springframework\spring-expression\3.2.0.RELEASE\spring-expression-3.2.0.RELEASE.jar;G:\Works\app\.m2-repository\org\springframework\spring-jdbc\3.2.0.RELEASE\spring-jdbc-3.2.0.RELEASE.jar;G:\Works\app\.m2-repository\org\springframework\spring-orm\3.2.0.RELEASE\spring-orm-3.2.0.RELEASE.jar;G:\Works\app\.m2-repository\org\springframework\spring-oxm\3.0.5.RELEASE\spring-oxm-3.0.5.RELEASE.jar;G:\Works\app\.m2-repository\org\springframework\spring-test\3.2.0.RELEASE\spring-test-3.2.0.RELEASE.jar;G:\Works\app\.m2-repository\org\springframework\spring-tx\3.2.0.RELEASE\spring-tx-3.2.0.RELEASE.jar;G:\Works\app\.m2-repository\org\springframework\spring-web\3.2.0.RELEASE\spring-web-3.2.0.RELEASE.jar;G:\Works\app\.m2-repository\org\springframework\spring-webmvc\3.2.0.RELEASE\spring-webmvc-3.2.0.RELEASE.jar;G:\Works\app\.m2-repository\org\springframework\roo\org.springframework.roo.annotations\1.2.3.RELEASE\org.springframework.roo.annotations-1.2.3.RELEASE.jar;G:\Works\app\.m2-repository\org\springframework\security\spring-security-acl\3.1.0.RELEASE\spring-security-acl-3.1.0.RELEASE.jar;G:\Works\app\.m2-repository\org\springframework\security\spring-security-config\3.1.0.RELEASE\spring-security-config-3.1.0.RELEASE.jar;G:\Works\app\.m2-repository\org\springframework\security\spring-security-core\3.1.0.RELEASE\spring-security-core-3.1.0.RELEASE.jar;G:\Works\app\.m2-repository\org\springframework\security\spring-security-crypto\3.1.0.RELEASE\spring-security-crypto-3.1.0.RELEASE.jar;G:\Works\app\.m2-repository\org\springframework\security\spring-security-taglibs\3.1.0.RELEASE\spring-security-taglibs-3.1.0.RELEASE.jar;G:\Works\app\.m2-repository\org\springframework\security\spring-security-web\3.1.0.RELEASE\spring-security-web-3.1.0.RELEASE.jar;G:\Works\app\.m2-repository\org\springframework\webflow\spring-js-resources\2.2.1.RELEASE\spring-js-resources-2.2.1.RELEASE.jar;G:\Works\app\.m2-repository\postgresql\postgresql\9.1-901-1.jdbc4\postgresql-9.1-901-1.jdbc4.jar;G:\Works\develope\Roo\AbkhaziaBack\target\classes
-aspectpath
G:\Works\app\.m2-repository\org\springframework\spring-aspects\3.2.0.RELEASE\spring-aspects-3.2.0.RELEASE.jar
-d
G:\Works\develope\Roo\AbkhaziaBack\target\classes
G:\Works\develope\Roo\AbkhaziaBack\src\main\java\ru\wpe\abkhazia\web\RewievController.java
G:\Works\develope\Roo\AbkhaziaBack\src\main\java\ru\wpe\abkhazia\web\RegionController.java
G:\Works\develope\Roo\AbkhaziaBack\src\main\java\ru\wpe\abkhazia\domain\Entity_Roo_Jpa_ActiveRecord.aj
G:\Works\develope\Roo\AbkhaziaBack\src\main\java\ru\wpe\abkhazia\domain\Region_Roo_ToString.aj
G:\Works\develope\Roo\AbkhaziaBack\src\main\java\ru\wpe\abkhazia\domain\Resource_Roo_Jpa_Entity.aj
G:\Works\develope\Roo\AbkhaziaBack\src\main\java\ru\wpe\abkhazia\web\ResourceController.java
G:\Works\develope\Roo\AbkhaziaBack\src\main\java\ru\wpe\abkhazia\domain\GeoPoint_Roo_Jpa_ActiveRecord.aj
G:\Works\develope\Roo\AbkhaziaBack\src\main\java\ru\wpe\abkhazia\domain\ResourceType.java
G:\Works\develope\Roo\AbkhaziaBack\src\main\java\ru\wpe\abkhazia\domain\Rewiev_Roo_JavaBean.aj
G:\Works\develope\Roo\AbkhaziaBack\src\main\java\ru\wpe\abkhazia\domain\Rewiev_Roo_Configurable.aj
G:\Works\develope\Roo\AbkhaziaBack\src\main\java\ru\wpe\abkhazia\domain\Resource.java
G:\Works\develope\Roo\AbkhaziaBack\src\main\java\ru\wpe\abkhazia\domain\Rewiev_Roo_Jpa_Entity.aj
G:\Works\develope\Roo\AbkhaziaBack\src\main\java\ru\wpe\abkhazia\web\EntityController.java
G:\Works\develope\Roo\AbkhaziaBack\src\main\java\ru\wpe\abkhazia\domain\Resource_Roo_Jpa_ActiveRecord.aj
G:\Works\develope\Roo\AbkhaziaBack\src\main\java\ru\wpe\abkhazia\domain\GeoPoint_Roo_JavaBean.aj
G:\Works\develope\Roo\AbkhaziaBack\src\main\java\ru\wpe\abkhazia\domain\GeoPoint.java
G:\Works\develope\Roo\AbkhaziaBack\src\main\java\ru\wpe\abkhazia\domain\Node_Roo_Configurable.aj
G:\Works\develope\Roo\AbkhaziaBack\src\main\java\ru\wpe\abkhazia\domain\Rewiev_Roo_ToString.aj
G:\Works\develope\Roo\AbkhaziaBack\src\main\java\ru\wpe\abkhazia\domain\Rewiev_Roo_Jpa_ActiveRecord.aj
G:\Works\develope\Roo\AbkhaziaBack\src\main\java\ru\wpe\abkhazia\domain\Resource_Roo_JavaBean.aj
G:\Works\develope\Roo\AbkhaziaBack\src\main\java\ru\wpe\abkhazia\domain\GeoPoint_Roo_Jpa_Entity.aj
G:\Works\develope\Roo\AbkhaziaBack\src\main\java\ru\wpe\abkhazia\domain\Region_Roo_Jpa_ActiveRecord.aj
G:\Works\develope\Roo\AbkhaziaBack\src\main\java\ru\wpe\abkhazia\domain\Region_Roo_Jpa_Entity.aj
G:\Works\develope\Roo\AbkhaziaBack\src\main\java\ru\wpe\abkhazia\web\NodeController.java
G:\Works\develope\Roo\AbkhaziaBack\src\main\java\ru\wpe\abkhazia\domain\Rewiev.java
G:\Works\develope\Roo\AbkhaziaBack\src\main\java\ru\wpe\abkhazia\domain\Entity.java
G:\Works\develope\Roo\AbkhaziaBack\src\main\java\ru\wpe\abkhazia\view\json\TransactionalMappingJacksonJsonView.java
G:\Works\develope\Roo\AbkhaziaBack\src\main\java\ru\wpe\abkhazia\web\ApplicationConversionServiceFactoryBean.java
G:\Works\develope\Roo\AbkhaziaBack\src\main\java\ru\wpe\abkhazia\domain\Region.java
G:\Works\develope\Roo\AbkhaziaBack\src\main\java\ru\wpe\abkhazia\domain\Node.java
G:\Works\develope\Roo\AbkhaziaBack\src\main\java\ru\wpe\abkhazia\domain\GeoPoint_Roo_Configurable.aj
G:\Works\develope\Roo\AbkhaziaBack\src\main\java\ru\wpe\abkhazia\domain\Entity_Roo_JavaBean.aj
G:\Works\develope\Roo\AbkhaziaBack\src\main\java\ru\wpe\abkhazia\domain\Node_Roo_Jpa_ActiveRecord.aj
G:\Works\develope\Roo\AbkhaziaBack\src\main\java\ru\wpe\abkhazia\domain\Region_Roo_Configurable.aj
G:\Works\develope\Roo\AbkhaziaBack\src\main\java\ru\wpe\abkhazia\domain\Entity_Roo_Jpa_Entity.aj
G:\Works\develope\Roo\AbkhaziaBack\src\main\java\ru\wpe\abkhazia\domain\Node_Roo_JavaBean.aj
G:\Works\develope\Roo\AbkhaziaBack\src\main\java\ru\wpe\abkhazia\web\ApplicationConversionServiceFactoryBean_Roo_ConversionService.aj
G:\Works\develope\Roo\AbkhaziaBack\src\main\java\ru\wpe\abkhazia\domain\Entity_Roo_Configurable.aj
G:\Works\develope\Roo\AbkhaziaBack\src\main\java\ru\wpe\abkhazia\domain\EntityType.java
G:\Works\develope\Roo\AbkhaziaBack\src\main\java\ru\wpe\abkhazia\domain\Node_Roo_Jpa_Entity.aj
G:\Works\develope\Roo\AbkhaziaBack\src\main\java\ru\wpe\abkhazia\domain\Resource_Roo_ToString.aj
G:\Works\develope\Roo\AbkhaziaBack\src\main\java\ru\wpe\abkhazia\domain\Region_Roo_JavaBean.aj
G:\Works\develope\Roo\AbkhaziaBack\src\main\java\ru\wpe\abkhazia\web\GeoPointController.java
G:\Works\develope\Roo\AbkhaziaBack\src\main\java\ru\wpe\abkhazia\domain\Resource_Roo_Configurable.aj
